2025-12-01 19:45:21 - INFO - ROBO_main.py:54 - Loading configurations...
2025-12-01 19:45:21 - INFO - ROBO_validators.py:154 - Strategy config validation passed
2025-12-01 19:45:21 - INFO - ROBO_data_loader.py:49 - BTC/USDT: Loading data from BTC_USDT-15m.csv
2025-12-01 19:45:21 - INFO - ROBO_validators.py:77 - BTC/USDT: Validation passed (34631 bars)
2025-12-01 19:45:21 - INFO - ROBO_data_loader.py:93 - BTC/USDT: Successfully loaded 34631 bars
2025-12-01 19:45:21 - INFO - ROBO_data_loader.py:49 - BNB/USDT: Loading data from BNB_USDT-15m.csv
2025-12-01 19:45:21 - INFO - ROBO_validators.py:77 - BNB/USDT: Validation passed (34632 bars)
2025-12-01 19:45:21 - INFO - ROBO_data_loader.py:93 - BNB/USDT: Successfully loaded 34632 bars
2025-12-01 19:45:21 - INFO - ROBO_data_loader.py:49 - LTC/USDT: Loading data from LTC_USDT-15m.csv
2025-12-01 19:45:22 - INFO - ROBO_validators.py:77 - LTC/USDT: Validation passed (34632 bars)
2025-12-01 19:45:22 - INFO - ROBO_data_loader.py:93 - LTC/USDT: Successfully loaded 34632 bars
2025-12-01 19:45:22 - INFO - ROBO_data_loader.py:49 - SOL/USDT: Loading data from SOL_USDT-15m.csv
2025-12-01 19:45:22 - INFO - ROBO_validators.py:77 - SOL/USDT: Validation passed (34632 bars)
2025-12-01 19:45:22 - INFO - ROBO_data_loader.py:93 - SOL/USDT: Successfully loaded 34632 bars
2025-12-01 19:45:22 - INFO - ROBO_data_loader.py:123 - Successfully loaded 4 out of 4 coins
2025-12-01 19:45:22 - INFO - ROBO_main.py:79 - Running backtests on 4 coins...
2025-12-01 19:45:22 - INFO - ROBO_backtester.py:40 - Initialized backtester with ROBO_RSI_Strategy
2025-12-01 19:45:22 - INFO - ROBO_backtester.py:87 - BTC/USDT: Running backtest...
2025-12-01 19:45:22 - DEBUG - ROBO_base_strategy.py:53 - ROBORSIStrategy initialized
2025-12-01 19:45:22 - INFO - ROBO_backtester.py:113 - BTC/USDT: Backtest complete - Return: 0.00%
2025-12-01 19:45:22 - INFO - ROBO_backtester.py:87 - BNB/USDT: Running backtest...
2025-12-01 19:45:22 - DEBUG - ROBO_base_strategy.py:53 - ROBORSIStrategy initialized
2025-12-01 19:45:22 - INFO - ROBO_backtester.py:113 - BNB/USDT: Backtest complete - Return: -42.64%
2025-12-01 19:45:22 - INFO - ROBO_backtester.py:87 - LTC/USDT: Running backtest...
2025-12-01 19:45:22 - DEBUG - ROBO_base_strategy.py:53 - ROBORSIStrategy initialized
2025-12-01 19:45:23 - INFO - ROBO_backtester.py:113 - LTC/USDT: Backtest complete - Return: -41.65%
2025-12-01 19:45:23 - INFO - ROBO_backtester.py:87 - SOL/USDT: Running backtest...
2025-12-01 19:45:23 - DEBUG - ROBO_base_strategy.py:53 - ROBORSIStrategy initialized
2025-12-01 19:45:23 - INFO - ROBO_backtester.py:113 - SOL/USDT: Backtest complete - Return: -47.71%
2025-12-01 19:45:23 - INFO - ROBO_backtester.py:203 - Results saved to results/ROBO_results_20251201_194523.csv
2025-12-01 19:45:23 - INFO - ROBO_main.py:95 - Results saved to results/ROBO_results_20251201_194523.csv
2025-12-01 19:45:23 - INFO - ROBO_main.py:97 - ROBO Trading System completed successfully
